#
# There is insufficient memory for the Java Runtime Environment to continue.
# Native memory allocation (mmap) failed to map 268435456 bytes for Failed to commit area from 0x0000000700a00000 to 0x0000000710a00000 of length 268435456.
# Possible reasons:
#   The system is out of physical RAM or swap space
#   The process is running with CompressedOops enabled, and the Java Heap may be blocking the growth of the native heap
# Possible solutions:
#   Reduce memory load on the system
#   Increase physical memory or swap space
#   Check if swap backing store is full
#   Decrease Java heap size (-Xmx/-Xms)
#   Decrease number of Java threads
#   Decrease Java thread stack sizes (-Xss)
#   Set larger code cache with -XX:ReservedCodeCacheSize=
# This output file may be truncated or incomplete.
#
#  Out of Memory Error (./src/hotspot/os/windows/os_windows.cpp:3521), pid=15292, tid=7304
#
# JRE version:  (11.0.12+7) (build )
# Java VM: OpenJDK 64-Bit Server VM (11.0.12+7-b1504.28-7817840, mixed mode, sharing, tiered, compressed oops, g1 gc, windows-amd64)
# No core dump will be written. Minidumps are not enabled by default on client versions of Windows
#

---------------  S U M M A R Y ------------

Command Line: git4idea.http.GitAskPassApp Username for 'https://github.com': 

Host: Intel(R) Core(TM) i5-7400 CPU @ 3.00GHz, 4 cores, 15G,  Windows 10 , 64 bit Build 19041 (10.0.19041.1706)
Time: Thu Jun 23 16:25:32 2022 India Standard Time elapsed time: 0.012667 seconds (0d 0h 0m 0s)

---------------  T H R E A D  ---------------

Current thread (0x000001ad386cc800):  JavaThread "Unknown thread" [_thread_in_vm, id=7304, stack(0x0000001735e00000,0x0000001735f00000)]

Stack: [0x0000001735e00000,0x0000001735f00000]
Native frames: (J=compiled Java code, j=interpreted, Vv=VM code, C=native code)
V  [jvm.dll+0x5fbcea]
V  [jvm.dll+0x731905]
V  [jvm.dll+0x732f1d]
V  [jvm.dll+0x7335d3]
V  [jvm.dll+0x247bf8]
V  [jvm.dll+0x5f90b4]
V  [jvm.dll+0x5edc85]
V  [jvm.dll+0x305aeb]
V  [jvm.dll+0x305a5a]
V  [jvm.dll+0x305932]
V  [jvm.dll+0x30a896]
V  [jvm.dll+0x353803]
V  [jvm.dll+0x353f06]
V  [jvm.dll+0x353903]
V  [jvm.dll+0x2e0678]
V  [jvm.dll+0x2e1827]
V  [jvm.dll+0x710037]
V  [jvm.dll+0x71182c]
V  [jvm.dll+0x360da9]
V  [jvm.dll+0x6f390e]
V  [jvm.dll+0x3c9723]
V  [jvm.dll+0x3cb9b1]
C  [jli.dll+0x536b]
C  [ucrtbase.dll+0x21bb2]
C  [KERNEL32.DLL+0x17034]
C  [ntdll.dll+0x52651]


---------------  P R O C E S S  ---------------

Threads class SMR info:
_java_thread_list=0x000001ad385018c0, length=0, elements={
}

Java Threads: ( => current thread )

Other Threads:
  0x000001ad386e6800 GCTaskThread "GC Thread#0" [stack: 0x0000001735f00000,0x0000001736000000] [id=1932]
  0x000001ad38741800 ConcurrentGCThread "G1 Main Marker" [stack: 0x0000001736000000,0x0000001736100000] [id=11288]
  0x000001ad38745000 ConcurrentGCThread "G1 Conc#0" [stack: 0x0000001736100000,0x0000001736200000] [id=6924]

[error occurred during error reporting (printing all threads), id 0xc0000005, EXCEPTION_ACCESS_VIOLATION (0xc0000005) at pc=0x00007ff9a86a0be7]

VM state:not at safepoint (not fully initialized)

VM Mutex/Monitor currently owned by a thread:  ([mutex/lock_event])
[0x000001ad386c92e0] Heap_lock - owner thread: 0x000001ad386cc800

Heap address: 0x0000000700a00000, size: 4086 MB, Compressed Oops mode: Non-zero based: 0x0000000700a00000
Narrow klass base: 0x0000000000000000, Narrow klass shift: 0

GC Heap History (0 events):
No events

Deoptimization events (0 events):
No events

Classes redefined (0 events):
No events

Internal exceptions (0 events):
No events

Events (1 events):
Event: 0.007 Loaded shared library C:\Program Files\Android\Android Studio\jre\bin\zip.dll


Dynamic libraries:
0x00007ff6884f0000 - 0x00007ff6884fa000 	C:\Program Files\Android\Android Studio\jre\bin\java.exe
0x00007ff9fe690000 - 0x00007ff9fe885000 	C:\WINDOWS\SYSTEM32\ntdll.dll
0x00007ff9fcd20000 - 0x00007ff9fcddd000 	C:\WINDOWS\System32\KERNEL32.DLL
0x00007ff9fc150000 - 0x00007ff9fc41d000 	C:\WINDOWS\System32\KERNELBASE.dll
0x00007ff9fbe50000 - 0x00007ff9fbf50000 	C:\WINDOWS\System32\ucrtbase.dll
0x00007ff9c6fd0000 - 0x00007ff9c6fe7000 	C:\Program Files\Android\Android Studio\jre\bin\VCRUNTIME140.dll
0x00007ff9c6fb0000 - 0x00007ff9c6fc9000 	C:\Program Files\Android\Android Studio\jre\bin\jli.dll
0x00007ff9fc8e0000 - 0x00007ff9fca80000 	C:\WINDOWS\System32\USER32.dll
0x00007ff9fc550000 - 0x00007ff9fc572000 	C:\WINDOWS\System32\win32u.dll
0x00007ff9eb270000 - 0x00007ff9eb50a000 	C:\WINDOWS\WinSxS\amd64_microsoft.windows.common-controls_6595b64144ccf1df_6.0.19041.1110_none_60b5254171f9507e\COMCTL32.dll
0x00007ff9fcb60000 - 0x00007ff9fcb8a000 	C:\WINDOWS\System32\GDI32.dll
0x00007ff9fc840000 - 0x00007ff9fc8de000 	C:\WINDOWS\System32\msvcrt.dll
0x00007ff9fc580000 - 0x00007ff9fc68b000 	C:\WINDOWS\System32\gdi32full.dll
0x00007ff9fbf50000 - 0x00007ff9fbfed000 	C:\WINDOWS\System32\msvcp_win.dll
0x00007ff9fe620000 - 0x00007ff9fe650000 	C:\WINDOWS\System32\IMM32.DLL
0x00007ff995620000 - 0x00007ff9956bd000 	C:\Program Files\Android\Android Studio\jre\bin\msvcp140.dll
0x00007ff9a83b0000 - 0x00007ff9a8e95000 	C:\Program Files\Android\Android Studio\jre\bin\server\jvm.dll
0x00007ff9fdfc0000 - 0x00007ff9fe06e000 	C:\WINDOWS\System32\ADVAPI32.dll
0x00007ff9fc6f0000 - 0x00007ff9fc78c000 	C:\WINDOWS\System32\sechost.dll
0x00007ff9fe210000 - 0x00007ff9fe335000 	C:\WINDOWS\System32\RPCRT4.dll
0x00007ff9fe200000 - 0x00007ff9fe208000 	C:\WINDOWS\System32\PSAPI.DLL
0x00007ff9f0f50000 - 0x00007ff9f0f77000 	C:\WINDOWS\SYSTEM32\WINMM.dll
0x00007ff9f51f0000 - 0x00007ff9f51fa000 	C:\WINDOWS\SYSTEM32\VERSION.dll
0x00007ff9e59e0000 - 0x00007ff9e59e9000 	C:\WINDOWS\SYSTEM32\WSOCK32.dll
0x00007ff9fcf90000 - 0x00007ff9fcffb000 	C:\WINDOWS\System32\WS2_32.dll
0x00007ff9f9c80000 - 0x00007ff9f9c92000 	C:\WINDOWS\SYSTEM32\kernel.appcore.dll
0x00007ff9f76c0000 - 0x00007ff9f76d1000 	C:\Program Files\Android\Android Studio\jre\bin\verify.dll
0x00007ff9f0ca0000 - 0x00007ff9f0e84000 	C:\WINDOWS\SYSTEM32\DBGHELP.DLL
0x00007ff9f0c30000 - 0x00007ff9f0c5c000 	C:\WINDOWS\SYSTEM32\dbgcore.DLL
0x00007ff9fc420000 - 0x00007ff9fc4a2000 	C:\WINDOWS\System32\bcryptPrimitives.dll
0x00007ff9e4890000 - 0x00007ff9e48b9000 	C:\Program Files\Android\Android Studio\jre\bin\java.dll
0x00007ff9f7340000 - 0x00007ff9f734b000 	C:\Program Files\Android\Android Studio\jre\bin\jimage.dll
0x00007ff9e2e40000 - 0x00007ff9e2e58000 	C:\Program Files\Android\Android Studio\jre\bin\zip.dll

dbghelp: loaded successfully - version: 4.0.5 - missing functions: none
symbol engine: initialized successfully - sym options: 0x614 - pdb path: .;C:\Program Files\Android\Android Studio\jre\bin;C:\WINDOWS\SYSTEM32;C:\WINDOWS\WinSxS\amd64_microsoft.windows.common-controls_6595b64144ccf1df_6.0.19041.1110_none_60b5254171f9507e;C:\Program Files\Android\Android Studio\jre\bin\server

VM Arguments:
java_command: git4idea.http.GitAskPassApp Username for 'https://github.com': 
java_class_path (initial): C:/Program Files/Android/Android Studio/plugins/git4idea/lib/git4idea-rt.jar;C:/Program Files/Android/Android Studio/lib/xmlrpc-2.0.1.jar;C:/Program Files/Android/Android Studio/lib/commons-codec-1.15.jar
Launcher Type: SUN_STANDARD

[Global flags]
     intx CICompilerCount                          = 3                                         {product} {ergonomic}
     uint ConcGCThreads                            = 1                                         {product} {ergonomic}
     uint G1ConcRefinementThreads                  = 4                                         {product} {ergonomic}
   size_t G1HeapRegionSize                         = 1048576                                   {product} {ergonomic}
    uintx GCDrainStackTargetSize                   = 64                                        {product} {ergonomic}
   size_t InitialHeapSize                          = 268435456                                 {product} {ergonomic}
   size_t MarkStackSize                            = 4194304                                   {product} {ergonomic}
   size_t MaxHeapSize                              = 4284481536                                {product} {ergonomic}
   size_t MinHeapDeltaBytes                        = 1048576                                   {product} {ergonomic}
    uintx NonNMethodCodeHeapSize                   = 5830732                                {pd product} {ergonomic}
    uintx NonProfiledCodeHeapSize                  = 122913754                              {pd product} {ergonomic}
    uintx ProfiledCodeHeapSize                     = 122913754                              {pd product} {ergonomic}
    uintx ReservedCodeCacheSize                    = 251658240                              {pd product} {ergonomic}
     bool SegmentedCodeCache                       = true                                      {product} {ergonomic}
     bool UseCompressedClassPointers               = true                                 {lp64_product} {ergonomic}
     bool UseCompressedOops                        = true                                 {lp64_product} {ergonomic}
     bool UseG1GC                                  = true                                      {product} {ergonomic}
     bool UseLargePagesIndividualAllocation        = false                                  {pd product} {ergonomic}

Logging:
Log output configuration:
 #0: stdout all=warning uptime,level,tags
 #1: stderr all=off uptime,level,tags

Environment Variables:
PATH=C:\Program Files\Git\mingw64\libexec\git-core;C:\Program Files\Git\mingw64\libexec\git-core;C:\Program Files\Git\mingw64\libexec\git-core;C:\Program Files\Git\mingw64\bin;C:\Program Files\Git\usr\bin;C:\Users\rameez\bin;C:\Program Files (x86)\Common Files\Intel\Shared Libraries\redist\intel64\compiler;C:\WINDOWS\system32;C:\WINDOWS;C:\WINDOWS\System32\Wbem;C:\WINDOWS\System32\WindowsPowerShell\v1.0;C:\WINDOWS\System32\OpenSSH;C:\Program Files\dotnet;C:\Program Files (x86)\dotnet;C:\Program Files (x86)\NVIDIA Corporation\PhysX\Common;C:\Program Files\NVIDIA Corporation\NVIDIA NvDLISR;C:\Program Files\Git\cmd;C:\Users\rameez\AppData\Local\Programs\Python\Python310;C:\Users\rameez\AppData\Local\Programs\Python\Python310\Scripts;C:\Program Files\MongoDB\Server\5.0\bin;C:\Users\rameez\Documents\flutter\bin;C:\Users\rameez\AppData\Local\Programs\Microsoft VS Code\bin;C:\Program Files\nodejs\node_modules\npm\bin;C:\Users\rameez\flutter\bin;C:\Users\rameez\btfs;C:\Users\rameez\Documents\flutter\bin;C:\Users\rameez\flutter\bin;C:\Users\rameez\gradle-7.4.2\bin
USERNAME=rameez
DISPLAY=:0.0
LC_ALL=en_US.UTF-8
OS=Windows_NT
PROCESSOR_IDENTIFIER=Intel64 Family 6 Model 158 Stepping 9, GenuineIntel



---------------  S Y S T E M  ---------------

OS: Windows 10 , 64 bit Build 19041 (10.0.19041.1706)
OS uptime: 0 days 6:27 hours
Hyper-V role detected

CPU:total 4 (initial active 4) (4 cores per cpu, 1 threads per core) family 6 model 158 stepping 9 microcode 0xb4, cmov, cx8, fxsr, mmx, sse, sse2, sse3, ssse3, sse4.1, sse4.2, popcnt, avx, avx2, aes, clmul, erms, 3dnowpref, lzcnt, tsc, tscinvbit, bmi1, bmi2, adx, fma

Memory: 4k page, system-wide physical 16343M (2765M free)
TotalPageFile size 16343M (AvailPageFile size 167M)
current process WorkingSet (physical memory assigned to process): 10M, peak: 10M
current process commit charge ("private bytes"): 52M, peak: 307M

vm_info: OpenJDK 64-Bit Server VM (11.0.12+7-b1504.28-7817840) for windows-amd64 JRE (11.0.12+7-b1504.28-7817840), built on Oct 13 2021 22:12:33 by "builder" with MS VC++ 14.0 (VS2015)

END.
