#
# There is insufficient memory for the Java Runtime Environment to continue.
# Native memory allocation (mmap) failed to map 268435456 bytes for Failed to commit area from 0x0000000700a00000 to 0x0000000710a00000 of length 268435456.
# Possible reasons:
#   The system is out of physical RAM or swap space
#   The process is running with CompressedOops enabled, and the Java Heap may be blocking the growth of the native heap
# Possible solutions:
#   Reduce memory load on the system
#   Increase physical memory or swap space
#   Check if swap backing store is full
#   Decrease Java heap size (-Xmx/-Xms)
#   Decrease number of Java threads
#   Decrease Java thread stack sizes (-Xss)
#   Set larger code cache with -XX:ReservedCodeCacheSize=
# This output file may be truncated or incomplete.
#
#  Out of Memory Error (./src/hotspot/os/windows/os_windows.cpp:3301), pid=15392, tid=10060
#
# JRE version:  (11.0.11+9) (build )
# Java VM: OpenJDK 64-Bit Server VM (11.0.11+9-b60-7590822, mixed mode, sharing, tiered, compressed oops, g1 gc, windows-amd64)
# No core dump will be written. Minidumps are not enabled by default on client versions of Windows
#

---------------  S U M M A R Y ------------

Command Line: org.jetbrains.git4idea.http.GitAskPassApp Username for 'https://github.com': 

Host: Intel(R) Core(TM) i5-7400 CPU @ 3.00GHz, 4 cores, 15G,  Windows 10 , 64 bit Build 19041 (10.0.19041.1566)
Time: Fri May  6 15:54:24 2022 India Standard Time elapsed time: 0.016391 seconds (0d 0h 0m 0s)

---------------  T H R E A D  ---------------

Current thread (0x000001952a792000):  JavaThread "Unknown thread" [_thread_in_vm, id=10060, stack(0x0000008c37100000,0x0000008c37200000)]

Stack: [0x0000008c37100000,0x0000008c37200000]
Native frames: (J=compiled Java code, j=interpreted, Vv=VM code, C=native code)
V  [jvm.dll+0x5f214a]
V  [jvm.dll+0x726fb5]
V  [jvm.dll+0x7285cd]
V  [jvm.dll+0x728c83]
V  [jvm.dll+0x243278]
V  [jvm.dll+0x5ef544]
V  [jvm.dll+0x5e4495]
V  [jvm.dll+0x2fec5b]
V  [jvm.dll+0x2febca]
V  [jvm.dll+0x2feaa2]
V  [jvm.dll+0x303986]
V  [jvm.dll+0x34c3a3]
V  [jvm.dll+0x34caa6]
V  [jvm.dll+0x34c4a3]
V  [jvm.dll+0x2d9688]
V  [jvm.dll+0x2da837]
V  [jvm.dll+0x705ba7]
V  [jvm.dll+0x70739c]
V  [jvm.dll+0x3598f9]
V  [jvm.dll+0x6e931e]
V  [jvm.dll+0x3c1c43]
V  [jvm.dll+0x3c3e81]
C  [jli.dll+0x5373]
C  [ucrtbase.dll+0x21bb2]
C  [KERNEL32.DLL+0x17034]
C  [ntdll.dll+0x52651]


---------------  P R O C E S S  ---------------

Threads class SMR info:
_java_thread_list=0x0000019528692af0, length=0, elements={
}

Java Threads: ( => current thread )

Other Threads:
  0x000001952a7ab800 GCTaskThread "GC Thread#0" [stack: 0x0000008c37200000,0x0000008c37300000] [id=15112]
  0x000001952a809800 ConcurrentGCThread "G1 Main Marker" [stack: 0x0000008c37300000,0x0000008c37400000] [id=3692]
  0x000001952a80c000 ConcurrentGCThread "G1 Conc#0" [stack: 0x0000008c37400000,0x0000008c37500000] [id=8948]

[error occurred during error reporting (printing all threads), id 0xc0000005, EXCEPTION_ACCESS_VIOLATION (0xc0000005) at pc=0x00007ffd4b429c47]

VM state:not at safepoint (not fully initialized)

VM Mutex/Monitor currently owned by a thread:  ([mutex/lock_event])
[0x000001952a78dde0] Heap_lock - owner thread: 0x000001952a792000

Heap address: 0x0000000700a00000, size: 4086 MB, Compressed Oops mode: Non-zero based: 0x0000000700a00000
Narrow klass base: 0x0000000000000000, Narrow klass shift: 0

GC Heap History (0 events):
No events

Deoptimization events (0 events):
No events

Classes redefined (0 events):
No events

Internal exceptions (0 events):
No events

Events (1 events):
Event: 0.008 Loaded shared library C:\Program Files\Android\Android Studio\jre\bin\zip.dll


Dynamic libraries:
0x00007ff7098a0000 - 0x00007ff7098aa000 	C:\Program Files\Android\Android Studio\jre\bin\java.exe
0x00007ffdbfc30000 - 0x00007ffdbfe25000 	C:\WINDOWS\SYSTEM32\ntdll.dll
0x00007ffd88e90000 - 0x00007ffd88ea6000 	C:\Program Files\Avast Software\Avast\aswhook.dll
0x00007ffdbf750000 - 0x00007ffdbf80e000 	C:\WINDOWS\System32\KERNEL32.DLL
0x00007ffdbd7d0000 - 0x00007ffdbda98000 	C:\WINDOWS\System32\KERNELBASE.dll
0x00007ffdbd4b0000 - 0x00007ffdbd5b0000 	C:\WINDOWS\System32\ucrtbase.dll
0x00007ffdb9160000 - 0x00007ffdb9179000 	C:\Program Files\Android\Android Studio\jre\bin\jli.dll
0x00007ffdb9140000 - 0x00007ffdb9157000 	C:\Program Files\Android\Android Studio\jre\bin\VCRUNTIME140.dll
0x00007ffdbf9f0000 - 0x00007ffdbfb90000 	C:\WINDOWS\System32\USER32.dll
0x00007ffdbd640000 - 0x00007ffdbd662000 	C:\WINDOWS\System32\win32u.dll
0x00007ffdaaf30000 - 0x00007ffdab1ca000 	C:\WINDOWS\WinSxS\amd64_microsoft.windows.common-controls_6595b64144ccf1df_6.0.19041.1110_none_60b5254171f9507e\COMCTL32.dll
0x00007ffdbe680000 - 0x00007ffdbe6ab000 	C:\WINDOWS\System32\GDI32.dll
0x00007ffdbf810000 - 0x00007ffdbf8ae000 	C:\WINDOWS\System32\msvcrt.dll
0x00007ffdbd3a0000 - 0x00007ffdbd4ab000 	C:\WINDOWS\System32\gdi32full.dll
0x00007ffdbdaa0000 - 0x00007ffdbdb3d000 	C:\WINDOWS\System32\msvcp_win.dll
0x00007ffdbf650000 - 0x00007ffdbf680000 	C:\WINDOWS\System32\IMM32.DLL
0x00007ffdb47c0000 - 0x00007ffdb485d000 	C:\Program Files\Android\Android Studio\jre\bin\msvcp140.dll
0x00007ffd4b140000 - 0x00007ffd4bc15000 	C:\Program Files\Android\Android Studio\jre\bin\server\jvm.dll
0x00007ffdbf480000 - 0x00007ffdbf52e000 	C:\WINDOWS\System32\ADVAPI32.dll
0x00007ffdbf530000 - 0x00007ffdbf5cc000 	C:\WINDOWS\System32\sechost.dll
0x00007ffdbea70000 - 0x00007ffdbeb95000 	C:\WINDOWS\System32\RPCRT4.dll
0x00007ffdbf9e0000 - 0x00007ffdbf9e8000 	C:\WINDOWS\System32\PSAPI.DLL
0x00007ffda89e0000 - 0x00007ffda89e9000 	C:\WINDOWS\SYSTEM32\WSOCK32.dll
0x00007ffdb6d10000 - 0x00007ffdb6d1a000 	C:\WINDOWS\SYSTEM32\VERSION.dll
0x00007ffdb10f0000 - 0x00007ffdb1117000 	C:\WINDOWS\SYSTEM32\WINMM.dll
0x00007ffdbeba0000 - 0x00007ffdbec0b000 	C:\WINDOWS\System32\WS2_32.dll
0x00007ffdbb240000 - 0x00007ffdbb252000 	C:\WINDOWS\SYSTEM32\kernel.appcore.dll
0x00007ffd88f00000 - 0x00007ffd88f11000 	C:\Program Files\Android\Android Studio\jre\bin\verify.dll
0x00007ffdb5a50000 - 0x00007ffdb5c34000 	C:\WINDOWS\SYSTEM32\DBGHELP.DLL
0x00007ffdb57d0000 - 0x00007ffdb57fc000 	C:\WINDOWS\SYSTEM32\dbgcore.DLL
0x00007ffdbd5b0000 - 0x00007ffdbd632000 	C:\WINDOWS\System32\bcryptPrimitives.dll
0x00007ffd88ed0000 - 0x00007ffd88ef9000 	C:\Program Files\Android\Android Studio\jre\bin\java.dll
0x00007ffdb3060000 - 0x00007ffdb306b000 	C:\Program Files\Android\Android Studio\jre\bin\jimage.dll
0x00007ffd88690000 - 0x00007ffd886a8000 	C:\Program Files\Android\Android Studio\jre\bin\zip.dll

dbghelp: loaded successfully - version: 4.0.5 - missing functions: none
symbol engine: initialized successfully - sym options: 0x614 - pdb path: .;C:\Program Files\Android\Android Studio\jre\bin;C:\WINDOWS\SYSTEM32;C:\Program Files\Avast Software\Avast;C:\WINDOWS\WinSxS\amd64_microsoft.windows.common-controls_6595b64144ccf1df_6.0.19041.1110_none_60b5254171f9507e;C:\Program Files\Android\Android Studio\jre\bin\server

VM Arguments:
java_command: org.jetbrains.git4idea.http.GitAskPassApp Username for 'https://github.com': 
java_class_path (initial): C:/Program Files/Android/Android Studio/plugins/git4idea/lib/git4idea-rt.jar;C:/Program Files/Android/Android Studio/lib/xmlrpc-2.0.1.jar;C:/Program Files/Android/Android Studio/lib/commons-codec-1.15.jar
Launcher Type: SUN_STANDARD

[Global flags]
     intx CICompilerCount                          = 3                                         {product} {ergonomic}
     uint ConcGCThreads                            = 1                                         {product} {ergonomic}
     uint G1ConcRefinementThreads                  = 4                                         {product} {ergonomic}
   size_t G1HeapRegionSize                         = 1048576                                   {product} {ergonomic}
    uintx GCDrainStackTargetSize                   = 64                                        {product} {ergonomic}
   size_t InitialHeapSize                          = 268435456                                 {product} {ergonomic}
   size_t MarkStackSize                            = 4194304                                   {product} {ergonomic}
   size_t MaxHeapSize                              = 4284481536                                {product} {ergonomic}
   size_t MinHeapDeltaBytes                        = 1048576                                   {product} {ergonomic}
    uintx NonNMethodCodeHeapSize                   = 5830732                                {pd product} {ergonomic}
    uintx NonProfiledCodeHeapSize                  = 122913754                              {pd product} {ergonomic}
    uintx ProfiledCodeHeapSize                     = 122913754                              {pd product} {ergonomic}
    uintx ReservedCodeCacheSize                    = 251658240                              {pd product} {ergonomic}
     bool SegmentedCodeCache                       = true                                      {product} {ergonomic}
     bool UseCompressedClassPointers               = true                                 {lp64_product} {ergonomic}
     bool UseCompressedOops                        = true                                 {lp64_product} {ergonomic}
     bool UseG1GC                                  = true                                      {product} {ergonomic}
     bool UseLargePagesIndividualAllocation        = false                                  {pd product} {ergonomic}

Logging:
Log output configuration:
 #0: stdout all=warning uptime,level,tags
 #1: stderr all=off uptime,level,tags

Environment Variables:
PATH=C:\Program Files\Git\mingw64\libexec\git-core;C:\Program Files\Git\mingw64\libexec\git-core;C:\Program Files\Git\mingw64\bin;C:\Program Files\Git\usr\bin;C:\Users\rameez\bin;C:\Program Files (x86)\Common Files\Intel\Shared Libraries\redist\intel64\compiler;C:\WINDOWS\system32;C:\WINDOWS;C:\WINDOWS\System32\Wbem;C:\WINDOWS\System32\WindowsPowerShell\v1.0;C:\WINDOWS\System32\OpenSSH;C:\Program Files\dotnet;C:\Program Files (x86)\dotnet;C:\Program Files (x86)\NVIDIA Corporation\PhysX\Common;C:\Program Files\NVIDIA Corporation\NVIDIA NvDLISR;C:\Program Files\Git\cmd;C:\Users\rameez\AppData\Local\Programs\Python\Python310;C:\Users\rameez\AppData\Local\Programs\Python\Python310\Scripts;C:\Program Files\MongoDB\Server\5.0\bin;C:\Users\rameez\Documents\flutter\bin;C:\Users\rameez\AppData\Local\Programs\Microsoft VS Code\bin;C:\Program Files\nodejs\node_modules\npm\bin;C:\Users\rameez\flutter\bin;C:\Users\rameez\btfs
USERNAME=rameez
DISPLAY=:0.0
LC_ALL=en_US.UTF-8
OS=Windows_NT
PROCESSOR_IDENTIFIER=Intel64 Family 6 Model 158 Stepping 9, GenuineIntel



---------------  S Y S T E M  ---------------

OS: Windows 10 , 64 bit Build 19041 (10.0.19041.1566)
OS uptime: 0 days 5:58 hours
Hyper-V role detected

CPU:total 4 (initial active 4) (4 cores per cpu, 1 threads per core) family 6 model 158 stepping 9 microcode 0xb4, cmov, cx8, fxsr, mmx, sse, sse2, sse3, ssse3, sse4.1, sse4.2, popcnt, avx, avx2, aes, clmul, erms, 3dnowpref, lzcnt, tsc, tscinvbit, bmi1, bmi2, adx, fma

Memory: 4k page, system-wide physical 16343M (3094M free)
TotalPageFile size 16343M (AvailPageFile size 233M)
current process WorkingSet (physical memory assigned to process): 10M, peak: 10M
current process commit charge ("private bytes"): 52M, peak: 308M

vm_info: OpenJDK 64-Bit Server VM (11.0.11+9-b60-7590822) for windows-amd64 JRE (11.0.11+9-b60-7590822), built on Jul 29 2021 21:43:44 by "builder" with MS VC++ 14.0 (VS2015)

END.
